{"/Users/evannn/Desktop/DEMO/run/src/ES5.ts": {"path":"/Users/evannn/Desktop/DEMO/run/src/ES5.ts","statementMap":{"0":{"start":{"line":5,"column":12},"end":{"line":147,"column":1}},"1":{"start":{"line":8,"column":8},"end":{"line":8,"column":70}},"2":{"start":{"line":8,"column":38},"end":{"line":8,"column":69}},"3":{"start":{"line":13,"column":8},"end":{"line":13,"column":46}},"4":{"start":{"line":19,"column":8},"end":{"line":24,"column":9}},"5":{"start":{"line":20,"column":39},"end":{"line":20,"column":73}},"6":{"start":{"line":21,"column":12},"end":{"line":21,"column":46}},"7":{"start":{"line":23,"column":12},"end":{"line":23,"column":29}},"8":{"start":{"line":30,"column":25},"end":{"line":30,"column":57}},"9":{"start":{"line":31,"column":25},"end":{"line":31,"column":38}},"10":{"start":{"line":32,"column":26},"end":{"line":32,"column":59}},"11":{"start":{"line":34,"column":8},"end":{"line":48,"column":41}},"12":{"start":{"line":35,"column":27},"end":{"line":35,"column":32}},"13":{"start":{"line":36,"column":27},"end":{"line":36,"column":32}},"14":{"start":{"line":37,"column":27},"end":{"line":37,"column":32}},"15":{"start":{"line":38,"column":27},"end":{"line":38,"column":32}},"16":{"start":{"line":39,"column":27},"end":{"line":39,"column":32}},"17":{"start":{"line":40,"column":27},"end":{"line":40,"column":32}},"18":{"start":{"line":41,"column":27},"end":{"line":41,"column":32}},"19":{"start":{"line":42,"column":28},"end":{"line":42,"column":34}},"20":{"start":{"line":43,"column":28},"end":{"line":43,"column":34}},"21":{"start":{"line":44,"column":28},"end":{"line":44,"column":34}},"22":{"start":{"line":45,"column":29},"end":{"line":45,"column":36}},"23":{"start":{"line":46,"column":28},"end":{"line":46,"column":34}},"24":{"start":{"line":47,"column":29},"end":{"line":47,"column":36}},"25":{"start":{"line":54,"column":39},"end":{"line":54,"column":43}},"26":{"start":{"line":57,"column":8},"end":{"line":64,"column":10}},"27":{"start":{"line":58,"column":33},"end":{"line":58,"column":44}},"28":{"start":{"line":59,"column":24},"end":{"line":59,"column":52}},"29":{"start":{"line":60,"column":26},"end":{"line":60,"column":72}},"30":{"start":{"line":63,"column":12},"end":{"line":63,"column":44}},"31":{"start":{"line":70,"column":26},"end":{"line":70,"column":30}},"32":{"start":{"line":71,"column":25},"end":{"line":71,"column":41}},"33":{"start":{"line":72,"column":8},"end":{"line":72,"column":44}},"34":{"start":{"line":72,"column":22},"end":{"line":72,"column":44}},"35":{"start":{"line":76,"column":47},"end":{"line":76,"column":51}},"36":{"start":{"line":79,"column":20},"end":{"line":79,"column":99}},"37":{"start":{"line":81,"column":20},"end":{"line":81,"column":42}},"38":{"start":{"line":83,"column":8},"end":{"line":83,"column":23}},"39":{"start":{"line":89,"column":42},"end":{"line":89,"column":46}},"40":{"start":{"line":94,"column":8},"end":{"line":111,"column":9}},"41":{"start":{"line":95,"column":12},"end":{"line":95,"column":46}},"42":{"start":{"line":96,"column":15},"end":{"line":111,"column":9}},"43":{"start":{"line":98,"column":51},"end":{"line":98,"column":55}},"44":{"start":{"line":99,"column":24},"end":{"line":99,"column":53}},"45":{"start":{"line":100,"column":24},"end":{"line":102,"column":52}},"46":{"start":{"line":103,"column":12},"end":{"line":110,"column":14}},"47":{"start":{"line":105,"column":20},"end":{"line":105,"column":36}},"48":{"start":{"line":108,"column":20},"end":{"line":108,"column":33}},"49":{"start":{"line":113,"column":8},"end":{"line":143,"column":49}},"50":{"start":{"line":115,"column":16},"end":{"line":115,"column":36}},"51":{"start":{"line":116,"column":16},"end":{"line":116,"column":25}},"52":{"start":{"line":119,"column":30},"end":{"line":119,"column":45}},"53":{"start":{"line":120,"column":16},"end":{"line":120,"column":44}},"54":{"start":{"line":121,"column":16},"end":{"line":121,"column":39}},"55":{"start":{"line":124,"column":30},"end":{"line":124,"column":45}},"56":{"start":{"line":125,"column":16},"end":{"line":125,"column":44}},"57":{"start":{"line":126,"column":16},"end":{"line":126,"column":39}},"58":{"start":{"line":129,"column":30},"end":{"line":129,"column":45}},"59":{"start":{"line":130,"column":16},"end":{"line":130,"column":44}},"60":{"start":{"line":131,"column":16},"end":{"line":131,"column":39}},"61":{"start":{"line":134,"column":30},"end":{"line":134,"column":45}},"62":{"start":{"line":135,"column":16},"end":{"line":135,"column":44}},"63":{"start":{"line":136,"column":16},"end":{"line":136,"column":39}},"64":{"start":{"line":139,"column":30},"end":{"line":139,"column":45}},"65":{"start":{"line":140,"column":16},"end":{"line":140,"column":44}},"66":{"start":{"line":141,"column":16},"end":{"line":141,"column":39}}},"fnMap":{"0":{"name":"(anonymous_0)","decl":{"start":{"line":7,"column":4},"end":{"line":7,"column":5}},"loc":{"start":{"line":7,"column":47},"end":{"line":9,"column":5}},"line":7},"1":{"name":"(anonymous_1)","decl":{"start":{"line":8,"column":26},"end":{"line":8,"column":27}},"loc":{"start":{"line":8,"column":38},"end":{"line":8,"column":69}},"line":8},"2":{"name":"(anonymous_2)","decl":{"start":{"line":12,"column":4},"end":{"line":12,"column":5}},"loc":{"start":{"line":12,"column":71},"end":{"line":14,"column":5}},"line":12},"3":{"name":"(anonymous_3)","decl":{"start":{"line":17,"column":4},"end":{"line":17,"column":5}},"loc":{"start":{"line":17,"column":34},"end":{"line":25,"column":5}},"line":17},"4":{"name":"(anonymous_4)","decl":{"start":{"line":29,"column":4},"end":{"line":29,"column":5}},"loc":{"start":{"line":29,"column":65},"end":{"line":49,"column":5}},"line":29},"5":{"name":"(anonymous_5)","decl":{"start":{"line":35,"column":17},"end":{"line":35,"column":18}},"loc":{"start":{"line":35,"column":27},"end":{"line":35,"column":32}},"line":35},"6":{"name":"(anonymous_6)","decl":{"start":{"line":36,"column":17},"end":{"line":36,"column":18}},"loc":{"start":{"line":36,"column":27},"end":{"line":36,"column":32}},"line":36},"7":{"name":"(anonymous_7)","decl":{"start":{"line":37,"column":17},"end":{"line":37,"column":18}},"loc":{"start":{"line":37,"column":27},"end":{"line":37,"column":32}},"line":37},"8":{"name":"(anonymous_8)","decl":{"start":{"line":38,"column":17},"end":{"line":38,"column":18}},"loc":{"start":{"line":38,"column":27},"end":{"line":38,"column":32}},"line":38},"9":{"name":"(anonymous_9)","decl":{"start":{"line":39,"column":17},"end":{"line":39,"column":18}},"loc":{"start":{"line":39,"column":27},"end":{"line":39,"column":32}},"line":39},"10":{"name":"(anonymous_10)","decl":{"start":{"line":40,"column":17},"end":{"line":40,"column":18}},"loc":{"start":{"line":40,"column":27},"end":{"line":40,"column":32}},"line":40},"11":{"name":"(anonymous_11)","decl":{"start":{"line":41,"column":17},"end":{"line":41,"column":18}},"loc":{"start":{"line":41,"column":27},"end":{"line":41,"column":32}},"line":41},"12":{"name":"(anonymous_12)","decl":{"start":{"line":42,"column":18},"end":{"line":42,"column":19}},"loc":{"start":{"line":42,"column":28},"end":{"line":42,"column":34}},"line":42},"13":{"name":"(anonymous_13)","decl":{"start":{"line":43,"column":18},"end":{"line":43,"column":19}},"loc":{"start":{"line":43,"column":28},"end":{"line":43,"column":34}},"line":43},"14":{"name":"(anonymous_14)","decl":{"start":{"line":44,"column":18},"end":{"line":44,"column":19}},"loc":{"start":{"line":44,"column":28},"end":{"line":44,"column":34}},"line":44},"15":{"name":"(anonymous_15)","decl":{"start":{"line":45,"column":19},"end":{"line":45,"column":20}},"loc":{"start":{"line":45,"column":29},"end":{"line":45,"column":36}},"line":45},"16":{"name":"(anonymous_16)","decl":{"start":{"line":46,"column":18},"end":{"line":46,"column":19}},"loc":{"start":{"line":46,"column":28},"end":{"line":46,"column":34}},"line":46},"17":{"name":"(anonymous_17)","decl":{"start":{"line":47,"column":19},"end":{"line":47,"column":20}},"loc":{"start":{"line":47,"column":29},"end":{"line":47,"column":36}},"line":47},"18":{"name":"(anonymous_18)","decl":{"start":{"line":53,"column":4},"end":{"line":53,"column":5}},"loc":{"start":{"line":53,"column":72},"end":{"line":65,"column":5}},"line":53},"19":{"name":"(anonymous_19)","decl":{"start":{"line":57,"column":29},"end":{"line":57,"column":30}},"loc":{"start":{"line":57,"column":44},"end":{"line":64,"column":9}},"line":57},"20":{"name":"(anonymous_20)","decl":{"start":{"line":69,"column":4},"end":{"line":69,"column":5}},"loc":{"start":{"line":69,"column":54},"end":{"line":73,"column":5}},"line":69},"21":{"name":"(anonymous_21)","decl":{"start":{"line":75,"column":4},"end":{"line":75,"column":5}},"loc":{"start":{"line":75,"column":65},"end":{"line":84,"column":5}},"line":75},"22":{"name":"(anonymous_22)","decl":{"start":{"line":88,"column":4},"end":{"line":88,"column":5}},"loc":{"start":{"line":88,"column":73},"end":{"line":144,"column":5}},"line":88},"23":{"name":"(anonymous_23)","decl":{"start":{"line":104,"column":16},"end":{"line":104,"column":17}},"loc":{"start":{"line":104,"column":28},"end":{"line":106,"column":17}},"line":104},"24":{"name":"(anonymous_24)","decl":{"start":{"line":107,"column":16},"end":{"line":107,"column":17}},"loc":{"start":{"line":107,"column":29},"end":{"line":109,"column":17}},"line":107},"25":{"name":"(anonymous_25)","decl":{"start":{"line":114,"column":17},"end":{"line":114,"column":18}},"loc":{"start":{"line":114,"column":24},"end":{"line":117,"column":13}},"line":114},"26":{"name":"(anonymous_26)","decl":{"start":{"line":118,"column":18},"end":{"line":118,"column":19}},"loc":{"start":{"line":118,"column":25},"end":{"line":122,"column":13}},"line":118},"27":{"name":"(anonymous_27)","decl":{"start":{"line":123,"column":18},"end":{"line":123,"column":19}},"loc":{"start":{"line":123,"column":25},"end":{"line":127,"column":13}},"line":123},"28":{"name":"(anonymous_28)","decl":{"start":{"line":128,"column":18},"end":{"line":128,"column":19}},"loc":{"start":{"line":128,"column":25},"end":{"line":132,"column":13}},"line":128},"29":{"name":"(anonymous_29)","decl":{"start":{"line":133,"column":18},"end":{"line":133,"column":19}},"loc":{"start":{"line":133,"column":25},"end":{"line":137,"column":13}},"line":133},"30":{"name":"(anonymous_30)","decl":{"start":{"line":138,"column":18},"end":{"line":138,"column":19}},"loc":{"start":{"line":138,"column":25},"end":{"line":142,"column":13}},"line":138}},"branchMap":{"0":{"loc":{"start":{"line":19,"column":8},"end":{"line":24,"column":9}},"type":"if","locations":[{"start":{"line":19,"column":8},"end":{"line":24,"column":9}},{"start":{"line":19,"column":8},"end":{"line":24,"column":9}}],"line":19},"1":{"loc":{"start":{"line":60,"column":26},"end":{"line":60,"column":72}},"type":"cond-expr","locations":[{"start":{"line":60,"column":33},"end":{"line":60,"column":60}},{"start":{"line":60,"column":63},"end":{"line":60,"column":72}}],"line":60},"2":{"loc":{"start":{"line":72,"column":8},"end":{"line":72,"column":44}},"type":"if","locations":[{"start":{"line":72,"column":8},"end":{"line":72,"column":44}},{"start":{"line":72,"column":8},"end":{"line":72,"column":44}}],"line":72},"3":{"loc":{"start":{"line":79,"column":20},"end":{"line":79,"column":99}},"type":"cond-expr","locations":[{"start":{"line":79,"column":31},"end":{"line":79,"column":62}},{"start":{"line":79,"column":65},"end":{"line":79,"column":99}}],"line":79},"4":{"loc":{"start":{"line":94,"column":8},"end":{"line":111,"column":9}},"type":"if","locations":[{"start":{"line":94,"column":8},"end":{"line":111,"column":9}},{"start":{"line":94,"column":8},"end":{"line":111,"column":9}}],"line":94},"5":{"loc":{"start":{"line":96,"column":15},"end":{"line":111,"column":9}},"type":"if","locations":[{"start":{"line":96,"column":15},"end":{"line":111,"column":9}},{"start":{"line":96,"column":15},"end":{"line":111,"column":9}}],"line":96},"6":{"loc":{"start":{"line":100,"column":24},"end":{"line":102,"column":52}},"type":"cond-expr","locations":[{"start":{"line":101,"column":18},"end":{"line":101,"column":49}},{"start":{"line":102,"column":18},"end":{"line":102,"column":52}}],"line":100}},"s":{"0":1,"1":2,"2":2,"3":2,"4":2,"5":0,"6":0,"7":2,"8":0,"9":0,"10":0,"11":0,"12":0,"13":0,"14":0,"15":0,"16":0,"17":0,"18":0,"19":0,"20":0,"21":0,"22":0,"23":0,"24":0,"25":0,"26":0,"27":0,"28":0,"29":0,"30":0,"31":0,"32":0,"33":0,"34":0,"35":0,"36":0,"37":0,"38":0,"39":2,"40":2,"41":2,"42":0,"43":0,"44":0,"45":0,"46":0,"47":0,"48":0,"49":2,"50":2,"51":2,"52":0,"53":0,"54":0,"55":0,"56":0,"57":0,"58":0,"59":0,"60":0,"61":0,"62":0,"63":0,"64":0,"65":0,"66":0},"f":{"0":2,"1":2,"2":2,"3":2,"4":0,"5":0,"6":0,"7":0,"8":0,"9":0,"10":0,"11":0,"12":0,"13":0,"14":0,"15":0,"16":0,"17":0,"18":0,"19":0,"20":0,"21":0,"22":2,"23":0,"24":0,"25":2,"26":0,"27":0,"28":0,"29":0,"30":0},"b":{"0":[0,2],"1":[0,0],"2":[0,0],"3":[0,0],"4":[2,0],"5":[0,0],"6":[0,0]},"_coverageSchema":"1a1c01bbd47fc00a2c39e90264f33305004495a9","hash":"617a5cc5ee546488b1027afcf0719e796e488a56"}
,"/Users/evannn/Desktop/DEMO/run/src/Scope.ts": {"path":"/Users/evannn/Desktop/DEMO/run/src/Scope.ts","statementMap":{"0":{"start":{"line":15,"column":8},"end":{"line":15,"column":37}},"1":{"start":{"line":16,"column":8},"end":{"line":16,"column":25}},"2":{"start":{"line":17,"column":8},"end":{"line":17,"column":37}},"3":{"start":{"line":21,"column":27},"end":{"line":21,"column":31}},"4":{"start":{"line":24,"column":8},"end":{"line":26,"column":9}},"5":{"start":{"line":25,"column":12},"end":{"line":25,"column":33}},"6":{"start":{"line":29,"column":8},"end":{"line":29,"column":66}},"7":{"start":{"line":33,"column":8},"end":{"line":35,"column":9}},"8":{"start":{"line":34,"column":12},"end":{"line":34,"column":34}},"9":{"start":{"line":37,"column":8},"end":{"line":37,"column":65}},"10":{"start":{"line":41,"column":8},"end":{"line":43,"column":9}},"11":{"start":{"line":42,"column":12},"end":{"line":42,"column":34}},"12":{"start":{"line":45,"column":8},"end":{"line":45,"column":67}},"13":{"start":{"line":49,"column":8},"end":{"line":55,"column":9}},"14":{"start":{"line":50,"column":12},"end":{"line":50,"column":45}},"15":{"start":{"line":51,"column":15},"end":{"line":55,"column":9}},"16":{"start":{"line":52,"column":12},"end":{"line":52,"column":42}},"17":{"start":{"line":54,"column":12},"end":{"line":54,"column":24}},"18":{"start":{"line":59,"column":8},"end":{"line":59,"column":85}},"19":{"start":{"line":64,"column":8},"end":{"line":67,"column":9}},"20":{"start":{"line":65,"column":12},"end":{"line":65,"column":75}},"21":{"start":{"line":66,"column":12},"end":{"line":66,"column":24}},"22":{"start":{"line":68,"column":8},"end":{"line":72,"column":29}}},"fnMap":{"0":{"name":"(anonymous_0)","decl":{"start":{"line":14,"column":4},"end":{"line":14,"column":5}},"loc":{"start":{"line":14,"column":49},"end":{"line":18,"column":5}},"line":14},"1":{"name":"(anonymous_1)","decl":{"start":{"line":20,"column":4},"end":{"line":20,"column":5}},"loc":{"start":{"line":20,"column":35},"end":{"line":30,"column":5}},"line":20},"2":{"name":"(anonymous_2)","decl":{"start":{"line":32,"column":4},"end":{"line":32,"column":5}},"loc":{"start":{"line":32,"column":35},"end":{"line":38,"column":5}},"line":32},"3":{"name":"(anonymous_3)","decl":{"start":{"line":40,"column":4},"end":{"line":40,"column":5}},"loc":{"start":{"line":40,"column":37},"end":{"line":46,"column":5}},"line":40},"4":{"name":"(anonymous_4)","decl":{"start":{"line":48,"column":4},"end":{"line":48,"column":5}},"loc":{"start":{"line":48,"column":40},"end":{"line":56,"column":5}},"line":48},"5":{"name":"(anonymous_5)","decl":{"start":{"line":58,"column":4},"end":{"line":58,"column":5}},"loc":{"start":{"line":58,"column":33},"end":{"line":60,"column":5}},"line":58},"6":{"name":"(anonymous_6)","decl":{"start":{"line":63,"column":4},"end":{"line":63,"column":5}},"loc":{"start":{"line":63,"column":62},"end":{"line":73,"column":5}},"line":63}},"branchMap":{"0":{"loc":{"start":{"line":15,"column":22},"end":{"line":15,"column":36}},"type":"binary-expr","locations":[{"start":{"line":15,"column":22},"end":{"line":15,"column":28}},{"start":{"line":15,"column":32},"end":{"line":15,"column":36}}],"line":15},"1":{"loc":{"start":{"line":24,"column":15},"end":{"line":24,"column":53}},"type":"binary-expr","locations":[{"start":{"line":24,"column":15},"end":{"line":24,"column":27}},{"start":{"line":24,"column":31},"end":{"line":24,"column":53}}],"line":24},"2":{"loc":{"start":{"line":33,"column":8},"end":{"line":35,"column":9}},"type":"if","locations":[{"start":{"line":33,"column":8},"end":{"line":35,"column":9}},{"start":{"line":33,"column":8},"end":{"line":35,"column":9}}],"line":33},"3":{"loc":{"start":{"line":41,"column":8},"end":{"line":43,"column":9}},"type":"if","locations":[{"start":{"line":41,"column":8},"end":{"line":43,"column":9}},{"start":{"line":41,"column":8},"end":{"line":43,"column":9}}],"line":41},"4":{"loc":{"start":{"line":49,"column":8},"end":{"line":55,"column":9}},"type":"if","locations":[{"start":{"line":49,"column":8},"end":{"line":55,"column":9}},{"start":{"line":49,"column":8},"end":{"line":55,"column":9}}],"line":49},"5":{"loc":{"start":{"line":51,"column":15},"end":{"line":55,"column":9}},"type":"if","locations":[{"start":{"line":51,"column":15},"end":{"line":55,"column":9}},{"start":{"line":51,"column":15},"end":{"line":55,"column":9}}],"line":51},"6":{"loc":{"start":{"line":59,"column":15},"end":{"line":59,"column":84}},"type":"cond-expr","locations":[{"start":{"line":59,"column":42},"end":{"line":59,"column":77}},{"start":{"line":59,"column":80},"end":{"line":59,"column":84}}],"line":59},"7":{"loc":{"start":{"line":64,"column":8},"end":{"line":67,"column":9}},"type":"if","locations":[{"start":{"line":64,"column":8},"end":{"line":67,"column":9}},{"start":{"line":64,"column":8},"end":{"line":67,"column":9}}],"line":64}},"s":{"0":2,"1":2,"2":2,"3":0,"4":0,"5":0,"6":0,"7":0,"8":0,"9":0,"10":72,"11":0,"12":72,"13":6,"14":6,"15":0,"16":0,"17":0,"18":2,"19":0,"20":0,"21":0,"22":0},"f":{"0":2,"1":0,"2":0,"3":72,"4":6,"5":2,"6":0},"b":{"0":[2,2],"1":[0,0],"2":[0,0],"3":[0,72],"4":[6,0],"5":[0,0],"6":[2,0],"7":[0,0]},"_coverageSchema":"1a1c01bbd47fc00a2c39e90264f33305004495a9","hash":"81c1be05be55efd990876d4a6ec01ae49394586e"}
,"/Users/evannn/Desktop/DEMO/run/src/interpreter.ts": {"path":"/Users/evannn/Desktop/DEMO/run/src/interpreter.ts","statementMap":{"0":{"start":{"line":5,"column":43},"end":{"line":44,"column":1}},"1":{"start":{"line":50,"column":8},"end":{"line":50,"column":31}},"2":{"start":{"line":51,"column":8},"end":{"line":51,"column":33}},"3":{"start":{"line":54,"column":8},"end":{"line":54,"column":27}},"4":{"start":{"line":55,"column":8},"end":{"line":55,"column":35}},"5":{"start":{"line":56,"column":8},"end":{"line":56,"column":49}},"6":{"start":{"line":59,"column":8},"end":{"line":59,"column":48}},"7":{"start":{"line":63,"column":31},"end":{"line":63,"column":38}},"8":{"start":{"line":64,"column":8},"end":{"line":64,"column":38}},"9":{"start":{"line":67,"column":8},"end":{"line":67,"column":40}},"10":{"start":{"line":70,"column":8},"end":{"line":72,"column":9}},"11":{"start":{"line":71,"column":12},"end":{"line":71,"column":51}},"12":{"start":{"line":77,"column":8},"end":{"line":77,"column":63}}},"fnMap":{"0":{"name":"(anonymous_0)","decl":{"start":{"line":49,"column":4},"end":{"line":49,"column":5}},"loc":{"start":{"line":49,"column":34},"end":{"line":52,"column":5}},"line":49},"1":{"name":"(anonymous_1)","decl":{"start":{"line":53,"column":4},"end":{"line":53,"column":5}},"loc":{"start":{"line":53,"column":42},"end":{"line":60,"column":5}},"line":53},"2":{"name":"(anonymous_2)","decl":{"start":{"line":62,"column":4},"end":{"line":62,"column":5}},"loc":{"start":{"line":62,"column":18},"end":{"line":73,"column":5}},"line":62},"3":{"name":"(anonymous_3)","decl":{"start":{"line":76,"column":4},"end":{"line":76,"column":5}},"loc":{"start":{"line":76,"column":26},"end":{"line":78,"column":5}},"line":76}},"branchMap":{"0":{"loc":{"start":{"line":77,"column":38},"end":{"line":77,"column":61}},"type":"binary-expr","locations":[{"start":{"line":77,"column":38},"end":{"line":77,"column":55}},{"start":{"line":77,"column":59},"end":{"line":77,"column":61}}],"line":77}},"s":{"0":1,"1":1,"2":1,"3":2,"4":2,"5":2,"6":2,"7":2,"8":2,"9":2,"10":2,"11":68,"12":2},"f":{"0":1,"1":2,"2":2,"3":2},"b":{"0":[2,2]},"_coverageSchema":"1a1c01bbd47fc00a2c39e90264f33305004495a9","hash":"b3f6d8059df915cb95c2c746cf3c9a4c56f861b0"}
,"/Users/evannn/Desktop/DEMO/run/src/main.ts": {"path":"/Users/evannn/Desktop/DEMO/run/src/main.ts","statementMap":{"0":{"start":{"line":1,"column":14},"end":{"line":1,"column":30}},"1":{"start":{"line":5,"column":22},"end":{"line":5,"column":52}},"2":{"start":{"line":12,"column":17},"end":{"line":15,"column":6}},"3":{"start":{"line":16,"column":4},"end":{"line":16,"column":50}},"4":{"start":{"line":20,"column":13},"end":{"line":22,"column":1}},"5":{"start":{"line":24,"column":0},"end":{"line":24,"column":10}}},"fnMap":{"0":{"name":"run","decl":{"start":{"line":11,"column":16},"end":{"line":11,"column":19}},"loc":{"start":{"line":11,"column":44},"end":{"line":17,"column":1}},"line":11}},"branchMap":{},"s":{"0":1,"1":1,"2":2,"3":2,"4":1,"5":1},"f":{"0":2},"b":{},"_coverageSchema":"1a1c01bbd47fc00a2c39e90264f33305004495a9","hash":"250ecc5a8f6b31b5f46a22f2faa59d95a5e19690"}
,"/Users/evannn/Desktop/DEMO/run/src/variable.ts": {"path":"/Users/evannn/Desktop/DEMO/run/src/variable.ts","statementMap":{"0":{"start":{"line":11,"column":8},"end":{"line":11,"column":26}},"1":{"start":{"line":14,"column":8},"end":{"line":14,"column":27}},"2":{"start":{"line":17,"column":8},"end":{"line":17,"column":26}}},"fnMap":{"0":{"name":"(anonymous_0)","decl":{"start":{"line":10,"column":4},"end":{"line":10,"column":5}},"loc":{"start":{"line":10,"column":45},"end":{"line":12,"column":5}},"line":10},"1":{"name":"(anonymous_1)","decl":{"start":{"line":13,"column":4},"end":{"line":13,"column":5}},"loc":{"start":{"line":13,"column":16},"end":{"line":15,"column":5}},"line":13},"2":{"name":"(anonymous_2)","decl":{"start":{"line":16,"column":4},"end":{"line":16,"column":5}},"loc":{"start":{"line":16,"column":24},"end":{"line":18,"column":5}},"line":16}},"branchMap":{},"s":{"0":72,"1":2,"2":2},"f":{"0":72,"1":2,"2":2},"b":{},"_coverageSchema":"1a1c01bbd47fc00a2c39e90264f33305004495a9","hash":"8a3432f83e74fa932a51c650a68a4047e70e4fcb"}
,"/Users/evannn/Desktop/DEMO/run/src/visitor.ts": {"path":"/Users/evannn/Desktop/DEMO/run/src/visitor.ts","statementMap":{"0":{"start":{"line":5,"column":16},"end":{"line":7,"column":1}},"1":{"start":{"line":13,"column":8},"end":{"line":16,"column":34}}},"fnMap":{"0":{"name":"(anonymous_0)","decl":{"start":{"line":11,"column":4},"end":{"line":11,"column":5}},"loc":{"start":{"line":11,"column":46},"end":{"line":17,"column":5}},"line":11}},"branchMap":{},"s":{"0":1,"1":8},"f":{"0":8},"b":{},"_coverageSchema":"1a1c01bbd47fc00a2c39e90264f33305004495a9","hash":"caeee45580ac8fcb347f6e8734737d2c2cee30c0"}
}
