TN:
SF:src/ES5.ts
FN:7,(anonymous_0)
FN:8,(anonymous_1)
FN:12,(anonymous_2)
FN:17,(anonymous_3)
FN:29,(anonymous_4)
FN:35,(anonymous_5)
FN:36,(anonymous_6)
FN:37,(anonymous_7)
FN:38,(anonymous_8)
FN:39,(anonymous_9)
FN:40,(anonymous_10)
FN:41,(anonymous_11)
FN:42,(anonymous_12)
FN:43,(anonymous_13)
FN:44,(anonymous_14)
FN:45,(anonymous_15)
FN:46,(anonymous_16)
FN:47,(anonymous_17)
FN:53,(anonymous_18)
FN:57,(anonymous_19)
FN:69,(anonymous_20)
FN:75,(anonymous_21)
FN:88,(anonymous_22)
FN:104,(anonymous_23)
FN:107,(anonymous_24)
FN:114,(anonymous_25)
FN:118,(anonymous_26)
FN:123,(anonymous_27)
FN:128,(anonymous_28)
FN:133,(anonymous_29)
FN:138,(anonymous_30)
FNF:31
FNH:6
FNDA:2,(anonymous_0)
FNDA:2,(anonymous_1)
FNDA:2,(anonymous_2)
FNDA:2,(anonymous_3)
FNDA:0,(anonymous_4)
FNDA:0,(anonymous_5)
FNDA:0,(anonymous_6)
FNDA:0,(anonymous_7)
FNDA:0,(anonymous_8)
FNDA:0,(anonymous_9)
FNDA:0,(anonymous_10)
FNDA:0,(anonymous_11)
FNDA:0,(anonymous_12)
FNDA:0,(anonymous_13)
FNDA:0,(anonymous_14)
FNDA:0,(anonymous_15)
FNDA:0,(anonymous_16)
FNDA:0,(anonymous_17)
FNDA:0,(anonymous_18)
FNDA:0,(anonymous_19)
FNDA:0,(anonymous_20)
FNDA:0,(anonymous_21)
FNDA:2,(anonymous_22)
FNDA:0,(anonymous_23)
FNDA:0,(anonymous_24)
FNDA:2,(anonymous_25)
FNDA:0,(anonymous_26)
FNDA:0,(anonymous_27)
FNDA:0,(anonymous_28)
FNDA:0,(anonymous_29)
FNDA:0,(anonymous_30)
DA:5,1
DA:8,2
DA:13,2
DA:19,2
DA:20,0
DA:21,0
DA:23,2
DA:30,0
DA:31,0
DA:32,0
DA:34,0
DA:35,0
DA:36,0
DA:37,0
DA:38,0
DA:39,0
DA:40,0
DA:41,0
DA:42,0
DA:43,0
DA:44,0
DA:45,0
DA:46,0
DA:47,0
DA:54,0
DA:57,0
DA:58,0
DA:59,0
DA:60,0
DA:63,0
DA:70,0
DA:71,0
DA:72,0
DA:76,0
DA:79,0
DA:81,0
DA:83,0
DA:89,2
DA:94,2
DA:95,2
DA:96,0
DA:98,0
DA:99,0
DA:100,0
DA:103,0
DA:105,0
DA:108,0
DA:113,2
DA:115,2
DA:116,2
DA:119,0
DA:120,0
DA:121,0
DA:124,0
DA:125,0
DA:126,0
DA:129,0
DA:130,0
DA:131,0
DA:134,0
DA:135,0
DA:136,0
DA:139,0
DA:140,0
DA:141,0
LF:65
LH:11
BRDA:19,0,0,0
BRDA:19,0,1,2
BRDA:60,1,0,0
BRDA:60,1,1,0
BRDA:72,2,0,0
BRDA:72,2,1,0
BRDA:79,3,0,0
BRDA:79,3,1,0
BRDA:94,4,0,2
BRDA:94,4,1,0
BRDA:96,5,0,0
BRDA:96,5,1,0
BRDA:100,6,0,0
BRDA:100,6,1,0
BRF:14
BRH:2
end_of_record
TN:
SF:src/Scope.ts
FN:14,(anonymous_0)
FN:20,(anonymous_1)
FN:32,(anonymous_2)
FN:40,(anonymous_3)
FN:48,(anonymous_4)
FN:58,(anonymous_5)
FN:63,(anonymous_6)
FNF:7
FNH:4
FNDA:2,(anonymous_0)
FNDA:0,(anonymous_1)
FNDA:0,(anonymous_2)
FNDA:72,(anonymous_3)
FNDA:6,(anonymous_4)
FNDA:2,(anonymous_5)
FNDA:0,(anonymous_6)
DA:15,2
DA:16,2
DA:17,2
DA:21,0
DA:24,0
DA:25,0
DA:29,0
DA:33,0
DA:34,0
DA:37,0
DA:41,72
DA:42,0
DA:45,72
DA:49,6
DA:50,6
DA:51,0
DA:52,0
DA:54,0
DA:59,2
DA:64,0
DA:65,0
DA:66,0
DA:68,0
LF:23
LH:8
BRDA:15,0,0,2
BRDA:15,0,1,2
BRDA:24,1,0,0
BRDA:24,1,1,0
BRDA:33,2,0,0
BRDA:33,2,1,0
BRDA:41,3,0,0
BRDA:41,3,1,72
BRDA:49,4,0,6
BRDA:49,4,1,0
BRDA:51,5,0,0
BRDA:51,5,1,0
BRDA:59,6,0,2
BRDA:59,6,1,0
BRDA:64,7,0,0
BRDA:64,7,1,0
BRF:16
BRH:5
end_of_record
TN:
SF:src/interpreter.ts
FN:49,(anonymous_0)
FN:53,(anonymous_1)
FN:62,(anonymous_2)
FN:76,(anonymous_3)
FNF:4
FNH:4
FNDA:1,(anonymous_0)
FNDA:2,(anonymous_1)
FNDA:2,(anonymous_2)
FNDA:2,(anonymous_3)
DA:5,1
DA:50,1
DA:51,1
DA:54,2
DA:55,2
DA:56,2
DA:59,2
DA:63,2
DA:64,2
DA:67,2
DA:70,2
DA:71,68
DA:77,2
LF:13
LH:13
BRDA:77,0,0,2
BRDA:77,0,1,2
BRF:2
BRH:2
end_of_record
TN:
SF:src/main.ts
FN:11,run
FNF:1
FNH:1
FNDA:2,run
DA:1,1
DA:5,1
DA:12,2
DA:16,2
DA:20,1
DA:24,1
LF:6
LH:6
BRF:0
BRH:0
end_of_record
TN:
SF:src/variable.ts
FN:10,(anonymous_0)
FN:13,(anonymous_1)
FN:16,(anonymous_2)
FNF:3
FNH:3
FNDA:72,(anonymous_0)
FNDA:2,(anonymous_1)
FNDA:2,(anonymous_2)
DA:11,72
DA:14,2
DA:17,2
LF:3
LH:3
BRF:0
BRH:0
end_of_record
TN:
SF:src/visitor.ts
FN:11,(anonymous_0)
FNF:1
FNH:1
FNDA:8,(anonymous_0)
DA:5,1
DA:13,8
LF:2
LH:2
BRF:0
BRH:0
end_of_record
